<?xml version="1.0" encoding="UTF-8"?>
<testsuite name="TestMainVerticle" tests="1" skipped="0" failures="0" errors="0" timestamp="2023-12-08T09:58:38" hostname="AIPLLTH665" time="0.165">
  <properties/>
  <testcase name="verticle_deployed(Vertx, VertxTestContext)" classname="TestMainVerticle" time="0.165"/>
  <system-out><![CDATA[HTTP server started on port 8888
]]></system-out>
  <system-err><![CDATA[]]></system-err>
</testsuite>
